File: '/var/www/lazarsender/handlers/campaings/test_mail.php' Line: 58 
2014-10-22  16:19:06 
Could not instantiate mail function.

File: '/var/www/lazarsender/include/func_sender.php' Line: 44 
2014-10-22  19:08:50 
SMTP connect() failed.

File: '/var/www/lazarsender/include/func_sender.php' Line: 44 
2014-10-22  19:10:56 
SMTP connect() failed.

File: '/var/www/lazarsender/include/func_sender.php' Line: 44 
2014-10-22  19:14:38 
SMTP connect() failed.

File: '/var/www/lazarsender/include/func_sender.php' Line: 44 
2014-10-22  19:17:52 
SMTP connect() failed.

File: '/var/www/lazarsender/include/func_sender.php' Line: 44 
2014-10-22  19:19:22 
SMTP connect() failed.

File: '/var/www/lazarsender/include/func_sender.php' Line: 44 
2014-10-22  19:20:40 
SMTP connect() failed.

File: '/var/www/lazarsender/include/func_sender.php' Line: 44 
2014-10-22  19:24:15 
SMTP connect() failed.

File: '/var/www/lazarsender/include/func_sender.php' Line: 44 
2014-10-22  19:28:13 
SMTP connect() failed.

File: '/var/www/lazarsender/include/func_sender.php' Line: 58 
2014-10-22  19:57:00 
SMTP connect() failed.

File: '/var/www/lazarsender/include/func_sender.php' Line: 58 
2014-10-22  19:58:50 
SMTP connect() failed.

File: '/var/www/lazarsender/include/func_sender.php' Line: 58 
2014-10-22  20:03:57 
SMTP connect() failed.

File: '/var/www/lazarsender/include/func_sender.php' Line: 58 
2014-10-22  20:04:46 
SMTP connect() failed.

File: '/var/www/lazarsender/include/func_sender.php' Line: 58 
2014-10-22  20:05:33 
SMTP connect() failed.

File: '/var/www/lazarsender/include/func_sender.php' Line: 58 
2014-10-22  20:05:54 
SMTP connect() failed.

File: '/var/www/lazarsender/include/func_sender.php' Line: 58 
2014-10-22  20:06:49 
SMTP connect() failed.

File: '/var/www/lazarsender/include/func_sender.php' Line: 58 
2014-10-22  20:07:23 
SMTP connect() failed.

File: '/var/www/lazarsender/include/func_sender.php' Line: 58 
2014-10-22  20:10:22 
SMTP connect() failed.

File: '/var/www/lazarsender/include/func_sender.php' Line: 58 
2014-10-22  20:11:10 
SMTP connect() failed.

File: '/var/www/lazarsender/include/func_sender.php' Line: 58 
2014-10-22  20:51:27 
SMTP connect() failed.

File: '/var/www/lazarsender/include/func_sender.php' Line: 61 
2014-10-26  20:35:58 
SMTP connect() failed.

File: '/var/www/lazarsender/include/func_sender.php' Line: 61 
2014-10-26  20:37:01 
SMTP connect() failed.

